Mon Jun  1 15:29:58 2026       
+-----------------------------------------------------------------------------------------+
| NVIDIA-SMI 575.57.08              Driver Version: 575.57.08      CUDA Version: 12.9     |
|-----------------------------------------+------------------------+----------------------+
| GPU  Name                 Persistence-M | Bus-Id          Disp.A | Volatile Uncorr. ECC |
| Fan  Temp   Perf          Pwr:Usage/Cap |           Memory-Usage | GPU-Util  Compute M. |
|                                         |                        |               MIG M. |
|=========================================+========================+======================|
|   0  NVIDIA A100 80GB PCIe          Off |   00000000:07:00.0 Off |                    0 |
| N/A   38C    P0             47W /  300W |       0MiB /  81920MiB |      0%      Default |
|                                         |                        |             Disabled |
+-----------------------------------------+------------------------+----------------------+
                                                                                         
+-----------------------------------------------------------------------------------------+
| Processes:                                                                              |
|  GPU   GI   CI              PID   Type   Process name                        GPU Memory |
|        ID   ID                                                               Usage      |
|=========================================================================================|
|  No running processes found                                                             |
+-----------------------------------------------------------------------------------------+
==========================================
Mon  1 Jun 15:29:59 BST 2026
Cell:           likelihood_runtime/imaging/pixelization
Instrument:     hst
Precision:      fp64
Inversion path: dense
--- vmap-probe ---

--- Dataset loading & masking [hst] ---
  [dataset_load] 0.0713 s
2026-06-01 15:30:02,897 - autoarray.dataset.imaging.dataset - INFO - IMAGING - Data masked, contains a total of 15361 image-pixels
  [mask_and_oversample] 0.0150 s

--- Model construction ---
  [model_build] 1.3714 s
  Total free parameters: 11
  Mesh shape: (39, 39)
  Source pixels: 1521

--- Instantiate concrete model ---
  [instance_from_vector] 0.0254 s
  [register_pytrees] 0.0007 s
  Tracer planes: 2

--- Configuration (determines run time) ---
  Instrument:              hst
  Pixel scale:             0.05 arcsec/pixel
  Mask radius:             3.5 arcsec
  Image pixels (masked):   15361
  Over-sampled pixels:     17980
  Mesh shape:              (39, 39)
  Source pixels:           1521

--- Adapt image (lensed source) ---
  [adapt_image_build] 0.0109 s
  adapt_image shape (slim): 15361

--- Full FitImaging (eager baseline) ---
  [fit_imaging_eager] 8.7982 s
  figure_of_merit (log_evidence) = 28370.27770182291
  log_likelihood                 = 29660.964366876433

======================================================================
FULL-PIPELINE JIT (for comparison)
======================================================================
  [full_pipeline_lower] 4.8997 s
  [full_pipeline_compile] 21.9282 s
  [full_pipeline_first_call] 0.3199 s
  [full_pipeline_steady_x10] 0.5254 s
    -> per-call avg: 0.052544 s
  full log_likelihood = 28398.444192468938

  Early JSON saved to: /mnt/ral/jnightin/autolens_profiling/results/likelihood/imaging/pixelization_likelihood_summary_hst_v2026.5.21.1.json

  vmap_probe samples: [ProbeSample(batch_size=1, peak_bytes=0, output_bytes=8, temp_bytes=976760160), ProbeSample(batch_size=4, peak_bytes=0, output_bytes=32, temp_bytes=3903102432), ProbeSample(batch_size=16, peak_bytes=0, output_bytes=128, temp_bytes=15620187744)]
  per_replica:        931.0 MB / replica
  recommended batch:  62
  inversion_path:     dense
  written to:         /mnt/ral/jnightin/autolens_profiling/results/likelihood/imaging/vmap_probe_pixelization.json
--- full timing ---

--- Dataset loading & masking [hst] ---
  [dataset_load] 0.0722 s
2026-06-01 15:32:07,842 - autoarray.dataset.imaging.dataset - INFO - IMAGING - Data masked, contains a total of 15361 image-pixels
  [mask_and_oversample] 0.0145 s

--- Model construction ---
  [model_build] 1.3713 s
  Total free parameters: 11
  Mesh shape: (39, 39)
  Source pixels: 1521

--- Instantiate concrete model ---
  [instance_from_vector] 0.0251 s
  [register_pytrees] 0.0007 s
  Tracer planes: 2

--- Configuration (determines run time) ---
  Instrument:              hst
  Pixel scale:             0.05 arcsec/pixel
  Mask radius:             3.5 arcsec
  Image pixels (masked):   15361
  Over-sampled pixels:     17980
  Mesh shape:              (39, 39)
  Source pixels:           1521

--- Adapt image (lensed source) ---
  [adapt_image_build] 0.0029 s
  adapt_image shape (slim): 15361

--- Full FitImaging (eager baseline) ---
  [fit_imaging_eager] 8.9431 s
  figure_of_merit (log_evidence) = 28370.27770182291
  log_likelihood                 = 29660.964366876433

======================================================================
FULL-PIPELINE JIT (for comparison)
======================================================================
  [full_pipeline_lower] 4.9003 s
  [full_pipeline_compile] 22.0225 s
  [full_pipeline_first_call] 0.1641 s
  [full_pipeline_steady_x10] 0.5273 s
    -> per-call avg: 0.052733 s
  full log_likelihood = 28398.444192468934

  Early JSON saved to: /mnt/ral/jnightin/autolens_profiling/results/likelihood/imaging/hpc_a100_fp64.json

--- vmap batched evaluation ---
  [vmap_first_call] 27.7304 s
  [vmap_steady_x10] 5.2606 s
  batch results = [28398.44419247 28398.44419247 28398.44419247 28398.44419247
 28398.44419247 28398.44419247 28398.44419247 28398.44419247
 28398.44419247 28398.44419247 28398.44419247 28398.44419247
 28398.44419247 28398.44419247 28398.44419247 28398.44419247]
  vmap batch of 16:   0.526058 s
  vmap per call:         0.032879 s
  single JIT per call:   0.052733 s
  vmap speedup:          1.6x faster per likelihood
  Correctness check PASSED

--- Static memory analysis ---
  Output size:  0.000 MB
  Temp size:    14896.572 MB
  Total:        14896.572 MB

======================================================================
JAX LIKELIHOOD FUNCTION SUMMARY — HST — v2026.5.21.1
======================================================================
  Instrument:            hst
  Pixel scale:           0.05 arcsec/pixel
  Mask radius:           3.5 arcsec
  Image pixels (masked): 15361
  Over-sampled pixels:   17980
  Mesh shape:            (39, 39)
  Source pixels:         1521
----------------------------------------------------------------------
----------------------------------------------------------------------
      Full pipeline (single JIT)          0.052733 s
      vmap batch (per call)               0.032879 s
      vmap speedup vs single JIT              1.6x
======================================================================

  Results dict saved to: /mnt/ral/jnightin/autolens_profiling/results/likelihood/imaging/hpc_a100_fp64.json
  Bar chart path:        /mnt/ral/jnightin/autolens_profiling/results/likelihood/imaging/hpc_a100_fp64.png (no per-step chart in runtime variant)
  Eager regression assertion PASSED: log_evidence matches 28370.277702
  Regression assertion PASSED: log_evidence matches 28370.277702
Finished.
Mon  1 Jun 15:33:42 BST 2026
