Mon Jun  1 15:29:58 2026       
+-----------------------------------------------------------------------------------------+
| NVIDIA-SMI 575.57.08              Driver Version: 575.57.08      CUDA Version: 12.9     |
|-----------------------------------------+------------------------+----------------------+
| GPU  Name                 Persistence-M | Bus-Id          Disp.A | Volatile Uncorr. ECC |
| Fan  Temp   Perf          Pwr:Usage/Cap |           Memory-Usage | GPU-Util  Compute M. |
|                                         |                        |               MIG M. |
|=========================================+========================+======================|
|   0  NVIDIA A100 80GB PCIe          Off |   00000000:08:00.0 Off |                    0 |
| N/A   36C    P0             45W /  300W |       0MiB /  81920MiB |      0%      Default |
|                                         |                        |             Disabled |
+-----------------------------------------+------------------------+----------------------+
                                                                                         
+-----------------------------------------------------------------------------------------+
| Processes:                                                                              |
|  GPU   GI   CI              PID   Type   Process name                        GPU Memory |
|        ID   ID                                                               Usage      |
|=========================================================================================|
|  No running processes found                                                             |
+-----------------------------------------------------------------------------------------+
==========================================
Mon  1 Jun 15:29:58 BST 2026
Cell:           likelihood_runtime/imaging/pixelization
Instrument:     hst
Precision:      fp64
Inversion path: sparse (w-tilde)
--- vmap-probe (sparse) ---

--- Dataset loading & masking [hst] ---
  [dataset_load] 0.0735 s
2026-06-01 15:30:02,681 - autoarray.dataset.imaging.dataset - INFO - IMAGING - Data masked, contains a total of 15361 image-pixels
2026-06-01 15:30:02,683 - autoarray.dataset.imaging.dataset - INFO - IMAGING - Setting Up Sparse Operator For low Memory Pixelizations.
  [mask_and_oversample] 0.9748 s

--- Model construction ---
  [model_build] 1.3649 s
  Total free parameters: 11
  Mesh shape: (39, 39)
  Source pixels: 1521

--- Instantiate concrete model ---
  [instance_from_vector] 0.0255 s
  [register_pytrees] 0.0007 s
  Tracer planes: 2

--- Configuration (determines run time) ---
  Instrument:              hst
  Pixel scale:             0.05 arcsec/pixel
  Mask radius:             3.5 arcsec
  Image pixels (masked):   15361
  Over-sampled pixels:     17980
  Mesh shape:              (39, 39)
  Source pixels:           1521

--- Adapt image (lensed source) ---
  [adapt_image_build] 0.0041 s
  adapt_image shape (slim): 15361

--- Full FitImaging (eager baseline) ---
  [fit_imaging_eager] 10.1322 s
  figure_of_merit (log_evidence) = 28370.277701822914
  log_likelihood                 = 29660.964366876466

======================================================================
FULL-PIPELINE JIT (for comparison)
======================================================================
  [full_pipeline_lower] 5.2150 s
  [full_pipeline_compile] 20.0782 s
  [full_pipeline_first_call] 0.1750 s
  [full_pipeline_steady_x10] 0.5821 s
    -> per-call avg: 0.058210 s
  full log_likelihood = 28398.444192468938

  Early JSON saved to: /mnt/ral/jnightin/autolens_profiling/results/likelihood/imaging/pixelization_likelihood_summary_hst_v2026.5.21.1_sparse.json

  vmap_probe samples: [ProbeSample(batch_size=1, peak_bytes=0, output_bytes=8, temp_bytes=115575784), ProbeSample(batch_size=4, peak_bytes=0, output_bytes=32, temp_bytes=469528656), ProbeSample(batch_size=16, peak_bytes=0, output_bytes=128, temp_bytes=1608313960)]
  per_replica:        94.9 MB / replica
  recommended batch:  64
  inversion_path:     sparse
  written to:         /mnt/ral/jnightin/autolens_profiling/results/likelihood/imaging/vmap_probe_pixelization_sparse.json
--- full timing (sparse) ---

--- Dataset loading & masking [hst] ---
  [dataset_load] 0.0726 s
2026-06-01 15:32:11,010 - autoarray.dataset.imaging.dataset - INFO - IMAGING - Data masked, contains a total of 15361 image-pixels
2026-06-01 15:32:11,012 - autoarray.dataset.imaging.dataset - INFO - IMAGING - Setting Up Sparse Operator For low Memory Pixelizations.
  [mask_and_oversample] 0.5479 s

--- Model construction ---
  [model_build] 1.3700 s
  Total free parameters: 11
  Mesh shape: (39, 39)
  Source pixels: 1521

--- Instantiate concrete model ---
  [instance_from_vector] 0.0254 s
  [register_pytrees] 0.0007 s
  Tracer planes: 2

--- Configuration (determines run time) ---
  Instrument:              hst
  Pixel scale:             0.05 arcsec/pixel
  Mask radius:             3.5 arcsec
  Image pixels (masked):   15361
  Over-sampled pixels:     17980
  Mesh shape:              (39, 39)
  Source pixels:           1521

--- Adapt image (lensed source) ---
  [adapt_image_build] 0.0042 s
  adapt_image shape (slim): 15361

--- Full FitImaging (eager baseline) ---
  [fit_imaging_eager] 8.0969 s
  figure_of_merit (log_evidence) = 28370.27770182292
  log_likelihood                 = 29660.96436687647

======================================================================
FULL-PIPELINE JIT (for comparison)
======================================================================
  [full_pipeline_lower] 4.9860 s
  [full_pipeline_compile] 20.5934 s
  [full_pipeline_first_call] 0.1775 s
  [full_pipeline_steady_x10] 0.5829 s
    -> per-call avg: 0.058294 s
  full log_likelihood = 28398.44419246893

  Early JSON saved to: /mnt/ral/jnightin/autolens_profiling/results/likelihood/imaging/hpc_a100_fp64_sparse.json

--- vmap batched evaluation ---
  [vmap_first_call] 29.2956 s
  [vmap_steady_x10] 5.7366 s
  batch results = [28398.44419247 28398.44419247 28398.44419247 28398.44419247
 28398.44419247 28398.44419247 28398.44419247 28398.44419247
 28398.44419247 28398.44419247 28398.44419247 28398.44419247
 28398.44419247 28398.44419247 28398.44419247 28398.44419247]
  vmap batch of 16:   0.573664 s
  vmap per call:         0.035854 s
  single JIT per call:   0.058294 s
  vmap speedup:          1.6x faster per likelihood
  Correctness check PASSED

--- Static memory analysis ---
  Output size:  0.000 MB
  Temp size:    1533.808 MB
  Total:        1533.808 MB

======================================================================
JAX LIKELIHOOD FUNCTION SUMMARY — HST — v2026.5.21.1
======================================================================
  Instrument:            hst
  Pixel scale:           0.05 arcsec/pixel
  Mask radius:           3.5 arcsec
  Image pixels (masked): 15361
  Over-sampled pixels:   17980
  Mesh shape:            (39, 39)
  Source pixels:         1521
----------------------------------------------------------------------
----------------------------------------------------------------------
      Full pipeline (single JIT)          0.058294 s
      vmap batch (per call)               0.035854 s
      vmap speedup vs single JIT              1.6x
======================================================================

  Results dict saved to: /mnt/ral/jnightin/autolens_profiling/results/likelihood/imaging/hpc_a100_fp64_sparse.json
  Bar chart path:        /mnt/ral/jnightin/autolens_profiling/results/likelihood/imaging/hpc_a100_fp64_sparse.png (no per-step chart in runtime variant)
  Eager regression assertion PASSED: log_evidence matches 28370.277702
  Regression assertion PASSED: log_evidence matches 28370.277702
Finished.
Mon  1 Jun 15:33:47 BST 2026
