Mon Jun  1 15:45:14 2026       
+-----------------------------------------------------------------------------------------+
| NVIDIA-SMI 575.57.08              Driver Version: 575.57.08      CUDA Version: 12.9     |
|-----------------------------------------+------------------------+----------------------+
| GPU  Name                 Persistence-M | Bus-Id          Disp.A | Volatile Uncorr. ECC |
| Fan  Temp   Perf          Pwr:Usage/Cap |           Memory-Usage | GPU-Util  Compute M. |
|                                         |                        |               MIG M. |
|=========================================+========================+======================|
|   0  NVIDIA A100 80GB PCIe          Off |   00000000:06:00.0 Off |                    0 |
| N/A   41C    P0             49W /  300W |       0MiB /  81920MiB |      0%      Default |
|                                         |                        |             Disabled |
+-----------------------------------------+------------------------+----------------------+
                                                                                         
+-----------------------------------------------------------------------------------------+
| Processes:                                                                              |
|  GPU   GI   CI              PID   Type   Process name                        GPU Memory |
|        ID   ID                                                               Usage      |
|=========================================================================================|
|  No running processes found                                                             |
+-----------------------------------------------------------------------------------------+
==========================================
Mon  1 Jun 15:45:15 BST 2026
Cell:           likelihood_runtime/imaging/delaunay
Instrument:     hst
Precision:      fp64
Inversion path: sparse (w-tilde)
--- vmap-probe (sparse) ---

--- Dataset loading & masking [hst] ---
  [dataset_load] 0.0717 s
2026-06-01 15:45:18,634 - autoarray.dataset.imaging.dataset - INFO - IMAGING - Data masked, contains a total of 15361 image-pixels
2026-06-01 15:45:18,636 - autoarray.dataset.imaging.dataset - INFO - IMAGING - Setting Up Sparse Operator For low Memory Pixelizations.
  [mask_and_oversample] 0.5458 s

--- Adapt image (lensed source) ---
  [adapt_image_build] 0.0031 s
  adapt_image shape (slim): 15361

--- Image mesh construction (Hilbert) ---
  [image_mesh_hilbert] 0.3868 s
  Hilbert pixels: 1500
  Mesh vertices placed: 1500

--- Model construction ---
  [model_build] 1.3664 s
  Total free parameters: 11
  Delaunay pixels: 1500
  Zeroed edge pixels: 0

--- Instantiate concrete model ---
  [instance_from_vector] 0.0249 s
  [register_pytrees] 0.0007 s
  Pytree JAX leaves: 247
  Tracer planes: 2

--- Configuration (determines run time) ---
  Instrument:              hst
  Pixel scale:             0.05 arcsec/pixel
  Mask radius:             3.5 arcsec
  Image pixels (masked):   15361
  Over-sampled pixels:     17980
  Delaunay vertices:       1500
  Edge zeroed pixels:      0

--- Full FitImaging (eager baseline) ---
  [fit_imaging_eager] 8.2002 s
  figure_of_merit (log_evidence) = 29110.92085793383
  log_likelihood                 = 30176.434110702518

======================================================================
FULL-PIPELINE JIT (for comparison)
======================================================================
  [full_pipeline_lower] 5.0680 s
  [full_pipeline_compile] 19.3746 s
  [full_pipeline_first_call] 0.1868 s
  [full_pipeline_steady_x10] 0.8543 s
    -> per-call avg: 0.085429 s
  full log_likelihood = 29110.920857949517

  Early JSON saved to: /mnt/ral/jnightin/autolens_profiling/results/likelihood/imaging/delaunay_likelihood_summary_hst_v2026.5.21.1_sparse.json

  vmap_probe samples: [ProbeSample(batch_size=1, peak_bytes=0, output_bytes=8, temp_bytes=137892968)]
  per_replica:        131.5 MB / replica
  recommended batch:  64
  inversion_path:     sparse
  written to:         /mnt/ral/jnightin/autolens_profiling/results/likelihood/imaging/vmap_probe_delaunay_sparse.json
--- full timing (sparse) ---

--- Dataset loading & masking [hst] ---
  [dataset_load] 0.0727 s
2026-06-01 15:46:29,027 - autoarray.dataset.imaging.dataset - INFO - IMAGING - Data masked, contains a total of 15361 image-pixels
2026-06-01 15:46:29,029 - autoarray.dataset.imaging.dataset - INFO - IMAGING - Setting Up Sparse Operator For low Memory Pixelizations.
  [mask_and_oversample] 0.5435 s

--- Adapt image (lensed source) ---
  [adapt_image_build] 0.0031 s
  adapt_image shape (slim): 15361

--- Image mesh construction (Hilbert) ---
  [image_mesh_hilbert] 0.3869 s
  Hilbert pixels: 1500
  Mesh vertices placed: 1500

--- Model construction ---
  [model_build] 1.3678 s
  Total free parameters: 11
  Delaunay pixels: 1500
  Zeroed edge pixels: 0

--- Instantiate concrete model ---
  [instance_from_vector] 0.0251 s
  [register_pytrees] 0.0007 s
  Pytree JAX leaves: 247
  Tracer planes: 2

--- Configuration (determines run time) ---
  Instrument:              hst
  Pixel scale:             0.05 arcsec/pixel
  Mask radius:             3.5 arcsec
  Image pixels (masked):   15361
  Over-sampled pixels:     17980
  Delaunay vertices:       1500
  Edge zeroed pixels:      0

--- Full FitImaging (eager baseline) ---
  [fit_imaging_eager] 8.2239 s
  figure_of_merit (log_evidence) = 29110.92085793382
  log_likelihood                 = 30176.434110702503

======================================================================
FULL-PIPELINE JIT (for comparison)
======================================================================
  [full_pipeline_lower] 4.9907 s
  [full_pipeline_compile] 19.4930 s
  [full_pipeline_first_call] 0.1888 s
  [full_pipeline_steady_x10] 0.8568 s
    -> per-call avg: 0.085676 s
  full log_likelihood = 29110.920857948906

  Early JSON saved to: /mnt/ral/jnightin/autolens_profiling/results/likelihood/imaging/delaunay_hpc_a100_fp64_sparse.json

--- vmap batched evaluation ---
  [vmap_first_call] 30.0503 s
  [vmap_steady_x10] 16.7949 s
  batch results = [29110.92085794 29110.92085794 29110.92085794 29110.92085794
 29110.92085794 29110.92085794 29110.92085794 29110.92085794
 29110.92085794 29110.92085794 29110.92085794 29110.92085794
 29110.92085794 29110.92085794 29110.92085794 29110.92085794]
  vmap batch of 16:   1.679494 s
  vmap per call:         0.104968 s
  single JIT per call:   0.085676 s
  vmap speedup:          0.8x faster per likelihood
  Correctness check PASSED

--- Static memory analysis ---
  Output size:  0.000 MB
  Temp size:    1942.956 MB
  Total:        1942.956 MB

======================================================================
JAX LIKELIHOOD FUNCTION SUMMARY — HST — v2026.5.21.1
======================================================================
  Instrument:            hst
  Pixel scale:           0.05 arcsec/pixel
  Mask radius:           3.5 arcsec
  Image pixels (masked): 15361
  Over-sampled pixels:   17980
  Delaunay vertices:     1500
  Edge zeroed pixels:    0
----------------------------------------------------------------------
----------------------------------------------------------------------
      Full pipeline (single JIT)          0.085676 s
      vmap batch (per call)               0.104968 s
      vmap speedup vs single JIT              0.8x
======================================================================

  Results dict saved to: /mnt/ral/jnightin/autolens_profiling/results/likelihood/imaging/delaunay_hpc_a100_fp64_sparse.json
  Bar chart path:        /mnt/ral/jnightin/autolens_profiling/results/likelihood/imaging/delaunay_hpc_a100_fp64_sparse.png (no per-step chart in runtime variant)
  Eager regression assertion PASSED: log_evidence matches 29110.920858
  Regression assertion PASSED: log_evidence matches 29110.920858
Finished.
Mon  1 Jun 15:48:17 BST 2026
